[2018-02-21 09:06:42] CAstoreServer.DEBUG: DelineContainer {"procedure":"init-start"} []
[2018-02-21 09:06:42] CAstoreServer.DEBUG: DelineContainer {"node":"/"} []
[2018-02-21 09:06:42] CAstoreServer.DEBUG: DelineContainer {"procedure":"init-end"} []
[2018-02-21 09:06:42] CAstoreServer.DEBUG: DelineContainer {"procedure":"invoke-start"} []
[2018-02-21 09:06:42] CAstoreServer.DEBUG: DelineContainer {"procedure":"handle","node_pathname":"/"} []
[2018-02-21 09:06:42] CAstoreServer.DEBUG: DelineContainer {"procedure":"handle","action_name":"Home"} []
[2018-02-21 09:06:42] CAstoreServer.DEBUG: DelineContainer {"procedure":"handle","action_availiable":true} []
[2018-02-21 09:06:42] CAstoreServer.INFO: DelineContainer {"procedure":"action","name":"Home","class":"CAstore\Action\HomeAction","status":"start"} []
[2018-02-21 09:06:42] CAstoreServer.DEBUG: Action Pathname matching: / [] []
[2018-02-21 09:06:42] CAstoreServer.DEBUG: Action Method invoking: onHoming [] []
[2018-02-21 09:06:42] CAstoreServer.INFO: DelineContainer {"procedure":"action","name":"Home","class":"CAstore\Action\HomeAction","status":"end"} []
[2018-02-21 09:06:42] CAstoreServer.DEBUG: DelineContainer {"procedure":"invoke-end"} []
[2018-02-21 09:06:42] CAstoreServer.DEBUG: DelineContainer {"procedure":"destroy-start"} []
[2018-02-21 09:06:42] CAstoreServer.DEBUG: DelineContainer {"procedure":"destroy-end"} []
[2018-02-21 09:06:42] CAstoreServer.INFO: =================================================== [] []
[2018-02-21 09:06:45] CAstoreServer.DEBUG: DelineContainer {"procedure":"init-start"} []
[2018-02-21 09:06:45] CAstoreServer.DEBUG: DelineContainer {"node":"/"} []
[2018-02-21 09:06:45] CAstoreServer.DEBUG: DelineContainer {"procedure":"init-end"} []
[2018-02-21 09:06:45] CAstoreServer.DEBUG: DelineContainer {"procedure":"invoke-start"} []
[2018-02-21 09:06:45] CAstoreServer.DEBUG: DelineContainer {"procedure":"handle","node_pathname":"/"} []
[2018-02-21 09:06:45] CAstoreServer.DEBUG: DelineContainer {"procedure":"handle","action_name":"Home"} []
[2018-02-21 09:06:45] CAstoreServer.DEBUG: DelineContainer {"procedure":"handle","action_availiable":true} []
[2018-02-21 09:06:45] CAstoreServer.INFO: DelineContainer {"procedure":"action","name":"Home","class":"CAstore\Action\HomeAction","status":"start"} []
[2018-02-21 09:06:45] CAstoreServer.DEBUG: Action Pathname matching: / [] []
[2018-02-21 09:06:45] CAstoreServer.DEBUG: Action Method invoking: onHoming [] []
[2018-02-21 09:06:45] CAstoreServer.INFO: DelineContainer {"procedure":"action","name":"Home","class":"CAstore\Action\HomeAction","status":"end"} []
[2018-02-21 09:06:45] CAstoreServer.DEBUG: DelineContainer {"procedure":"invoke-end"} []
[2018-02-21 09:06:45] CAstoreServer.DEBUG: DelineContainer {"procedure":"destroy-start"} []
[2018-02-21 09:06:45] CAstoreServer.DEBUG: DelineContainer {"procedure":"destroy-end"} []
[2018-02-21 09:06:45] CAstoreServer.INFO: =================================================== [] []
[2018-02-21 09:06:48] CAstoreServer.DEBUG: DelineContainer {"procedure":"init-start"} []
[2018-02-21 09:06:48] CAstoreServer.DEBUG: DelineContainer {"node":"/User"} []
[2018-02-21 09:06:48] CAstoreServer.DEBUG: DelineContainer {"procedure":"init-end"} []
[2018-02-21 09:06:48] CAstoreServer.DEBUG: DelineContainer {"procedure":"invoke-start"} []
[2018-02-21 09:06:48] CAstoreServer.DEBUG: DelineContainer {"procedure":"handle","node_pathname":"/User"} []
[2018-02-21 09:06:48] CAstoreServer.DEBUG: DelineContainer {"procedure":"handle","action_name":"User"} []
[2018-02-21 09:06:48] CAstoreServer.DEBUG: DelineContainer {"procedure":"handle","action_availiable":true} []
[2018-02-21 09:06:48] CAstoreServer.INFO: DelineContainer {"procedure":"action","name":"User","class":"CAstore\Action\UserAction","status":"start"} []
[2018-02-21 09:06:48] CAstoreServer.DEBUG: Action Pathname matching: / [] []
[2018-02-21 09:06:48] CAstoreServer.DEBUG: Action Method invoking: onUserRoot [] []
[2018-02-21 09:06:48] CAstoreServer.INFO: DelineContainer {"procedure":"action","name":"User","class":"CAstore\Action\UserAction","status":"end"} []
[2018-02-21 09:06:48] CAstoreServer.DEBUG: DelineContainer {"procedure":"invoke-end"} []
[2018-02-21 09:06:48] CAstoreServer.DEBUG: DelineContainer {"procedure":"destroy-start"} []
[2018-02-21 09:06:48] CAstoreServer.DEBUG: DelineContainer {"procedure":"destroy-end"} []
[2018-02-21 09:06:48] CAstoreServer.INFO: =================================================== [] []
[2018-02-21 09:06:48] CAstoreServer.DEBUG: DelineContainer {"procedure":"init-start"} []
[2018-02-21 09:06:48] CAstoreServer.DEBUG: DelineContainer {"node":"/User/SignIn"} []
[2018-02-21 09:06:48] CAstoreServer.DEBUG: DelineContainer {"procedure":"init-end"} []
[2018-02-21 09:06:48] CAstoreServer.DEBUG: DelineContainer {"procedure":"invoke-start"} []
[2018-02-21 09:06:48] CAstoreServer.DEBUG: DelineContainer {"procedure":"handle","node_pathname":"/User/SignIn"} []
[2018-02-21 09:06:48] CAstoreServer.DEBUG: DelineContainer {"procedure":"handle","action_name":"User"} []
[2018-02-21 09:06:48] CAstoreServer.DEBUG: DelineContainer {"procedure":"handle","action_availiable":true} []
[2018-02-21 09:06:48] CAstoreServer.INFO: DelineContainer {"procedure":"action","name":"User","class":"CAstore\Action\UserAction","status":"start"} []
[2018-02-21 09:06:48] CAstoreServer.DEBUG: Action Pathname matching: /SignIn [] []
[2018-02-21 09:06:48] CAstoreServer.DEBUG: Action Method invoking: onUserSignIn [] []
[2018-02-21 09:06:48] CAstoreServer.INFO: DelineContainer {"procedure":"action","name":"User","class":"CAstore\Action\UserAction","status":"end"} []
[2018-02-21 09:06:48] CAstoreServer.DEBUG: DelineContainer {"procedure":"invoke-end"} []
[2018-02-21 09:06:48] CAstoreServer.DEBUG: DelineContainer {"procedure":"destroy-start"} []
[2018-02-21 09:06:48] CAstoreServer.DEBUG: DelineContainer {"procedure":"destroy-end"} []
[2018-02-21 09:06:48] CAstoreServer.INFO: =================================================== [] []
[2018-02-21 09:06:52] CAstoreServer.DEBUG: DelineContainer {"procedure":"init-start"} []
[2018-02-21 09:06:52] CAstoreServer.DEBUG: DelineContainer {"node":"/User/SignIn"} []
[2018-02-21 09:06:52] CAstoreServer.DEBUG: DelineContainer {"procedure":"init-end"} []
[2018-02-21 09:06:52] CAstoreServer.DEBUG: DelineContainer {"procedure":"invoke-start"} []
[2018-02-21 09:06:52] CAstoreServer.DEBUG: DelineContainer {"procedure":"handle","node_pathname":"/User/SignIn"} []
[2018-02-21 09:06:52] CAstoreServer.DEBUG: DelineContainer {"procedure":"handle","action_name":"User"} []
[2018-02-21 09:06:52] CAstoreServer.DEBUG: DelineContainer {"procedure":"handle","action_availiable":true} []
[2018-02-21 09:06:52] CAstoreServer.INFO: DelineContainer {"procedure":"action","name":"User","class":"CAstore\Action\UserAction","status":"start"} []
[2018-02-21 09:06:52] CAstoreServer.DEBUG: Action Pathname matching: /SignIn [] []
[2018-02-21 09:06:52] CAstoreServer.DEBUG: Action Method invoking: onUserSignIn [] []
[2018-02-21 09:06:52] CAstoreServer.INFO: DelineContainer {"procedure":"action","name":"User","class":"CAstore\Action\UserAction","status":"end"} []
[2018-02-21 09:06:52] CAstoreServer.DEBUG: DelineContainer {"procedure":"invoke-end"} []
[2018-02-21 09:06:52] CAstoreServer.DEBUG: DelineContainer {"procedure":"destroy-start"} []
[2018-02-21 09:06:52] CAstoreServer.DEBUG: DelineContainer {"procedure":"destroy-end"} []
[2018-02-21 09:06:52] CAstoreServer.INFO: =================================================== [] []
[2018-02-21 09:07:02] CAstoreServer.DEBUG: DelineContainer {"procedure":"init-start"} []
[2018-02-21 09:07:02] CAstoreServer.DEBUG: DelineContainer {"node":"/User/SignIn"} []
[2018-02-21 09:07:02] CAstoreServer.DEBUG: DelineContainer {"procedure":"init-end"} []
[2018-02-21 09:07:02] CAstoreServer.DEBUG: DelineContainer {"procedure":"invoke-start"} []
[2018-02-21 09:07:02] CAstoreServer.DEBUG: DelineContainer {"procedure":"handle","node_pathname":"/User/SignIn"} []
[2018-02-21 09:07:02] CAstoreServer.DEBUG: DelineContainer {"procedure":"handle","action_name":"User"} []
[2018-02-21 09:07:02] CAstoreServer.DEBUG: DelineContainer {"procedure":"handle","action_availiable":true} []
[2018-02-21 09:07:02] CAstoreServer.INFO: DelineContainer {"procedure":"action","name":"User","class":"CAstore\Action\UserAction","status":"start"} []
[2018-02-21 09:07:02] CAstoreServer.DEBUG: Action Pathname matching: /SignIn [] []
[2018-02-21 09:07:02] CAstoreServer.DEBUG: Action Method invoking: onUserSignIn [] []
[2018-02-21 09:07:02] CAstoreServer.INFO: DelineContainer {"procedure":"action","name":"User","class":"CAstore\Action\UserAction","status":"end"} []
[2018-02-21 09:07:02] CAstoreServer.DEBUG: DelineContainer {"procedure":"invoke-end"} []
[2018-02-21 09:07:02] CAstoreServer.DEBUG: DelineContainer {"procedure":"destroy-start"} []
[2018-02-21 09:07:02] CAstoreServer.DEBUG: DelineContainer {"procedure":"destroy-end"} []
[2018-02-21 09:07:02] CAstoreServer.INFO: =================================================== [] []
[2018-02-21 09:07:04] CAstoreServer.DEBUG: DelineContainer {"procedure":"init-start"} []
[2018-02-21 09:07:04] CAstoreServer.DEBUG: DelineContainer {"node":"/User"} []
[2018-02-21 09:07:04] CAstoreServer.DEBUG: DelineContainer {"procedure":"init-end"} []
[2018-02-21 09:07:04] CAstoreServer.DEBUG: DelineContainer {"procedure":"invoke-start"} []
[2018-02-21 09:07:04] CAstoreServer.DEBUG: DelineContainer {"procedure":"handle","node_pathname":"/User"} []
[2018-02-21 09:07:04] CAstoreServer.DEBUG: DelineContainer {"procedure":"handle","action_name":"User"} []
[2018-02-21 09:07:04] CAstoreServer.DEBUG: DelineContainer {"procedure":"handle","action_availiable":true} []
[2018-02-21 09:07:04] CAstoreServer.INFO: DelineContainer {"procedure":"action","name":"User","class":"CAstore\Action\UserAction","status":"start"} []
[2018-02-21 09:07:04] CAstoreServer.DEBUG: Action Pathname matching: / [] []
[2018-02-21 09:07:04] CAstoreServer.DEBUG: Action Method invoking: onUserRoot [] []
[2018-02-21 09:07:04] CAstoreServer.INFO: DelineContainer {"procedure":"action","name":"User","class":"CAstore\Action\UserAction","status":"end"} []
[2018-02-21 09:07:04] CAstoreServer.DEBUG: DelineContainer {"procedure":"invoke-end"} []
[2018-02-21 09:07:04] CAstoreServer.DEBUG: DelineContainer {"procedure":"destroy-start"} []
[2018-02-21 09:07:04] CAstoreServer.DEBUG: DelineContainer {"procedure":"destroy-end"} []
[2018-02-21 09:07:04] CAstoreServer.INFO: =================================================== [] []
[2018-02-21 09:07:05] CAstoreServer.DEBUG: DelineContainer {"procedure":"init-start"} []
[2018-02-21 09:07:05] CAstoreServer.DEBUG: DelineContainer {"node":"/"} []
[2018-02-21 09:07:05] CAstoreServer.DEBUG: DelineContainer {"procedure":"init-end"} []
[2018-02-21 09:07:05] CAstoreServer.DEBUG: DelineContainer {"procedure":"invoke-start"} []
[2018-02-21 09:07:05] CAstoreServer.DEBUG: DelineContainer {"procedure":"handle","node_pathname":"/"} []
[2018-02-21 09:07:05] CAstoreServer.DEBUG: DelineContainer {"procedure":"handle","action_name":"Home"} []
[2018-02-21 09:07:05] CAstoreServer.DEBUG: DelineContainer {"procedure":"handle","action_availiable":true} []
[2018-02-21 09:07:05] CAstoreServer.INFO: DelineContainer {"procedure":"action","name":"Home","class":"CAstore\Action\HomeAction","status":"start"} []
[2018-02-21 09:07:05] CAstoreServer.DEBUG: Action Pathname matching: / [] []
[2018-02-21 09:07:05] CAstoreServer.DEBUG: Action Method invoking: onHoming [] []
[2018-02-21 09:07:05] CAstoreServer.INFO: DelineContainer {"procedure":"action","name":"Home","class":"CAstore\Action\HomeAction","status":"end"} []
[2018-02-21 09:07:05] CAstoreServer.DEBUG: DelineContainer {"procedure":"invoke-end"} []
[2018-02-21 09:07:05] CAstoreServer.DEBUG: DelineContainer {"procedure":"destroy-start"} []
[2018-02-21 09:07:05] CAstoreServer.DEBUG: DelineContainer {"procedure":"destroy-end"} []
[2018-02-21 09:07:05] CAstoreServer.INFO: =================================================== [] []
[2018-02-21 09:07:08] CAstoreServer.DEBUG: DelineContainer {"procedure":"init-start"} []
[2018-02-21 09:07:08] CAstoreServer.DEBUG: DelineContainer {"node":"/User"} []
[2018-02-21 09:07:08] CAstoreServer.DEBUG: DelineContainer {"procedure":"init-end"} []
[2018-02-21 09:07:08] CAstoreServer.DEBUG: DelineContainer {"procedure":"invoke-start"} []
[2018-02-21 09:07:08] CAstoreServer.DEBUG: DelineContainer {"procedure":"handle","node_pathname":"/User"} []
[2018-02-21 09:07:08] CAstoreServer.DEBUG: DelineContainer {"procedure":"handle","action_name":"User"} []
[2018-02-21 09:07:08] CAstoreServer.DEBUG: DelineContainer {"procedure":"handle","action_availiable":true} []
[2018-02-21 09:07:08] CAstoreServer.INFO: DelineContainer {"procedure":"action","name":"User","class":"CAstore\Action\UserAction","status":"start"} []
[2018-02-21 09:07:08] CAstoreServer.DEBUG: Action Pathname matching: / [] []
[2018-02-21 09:07:08] CAstoreServer.DEBUG: Action Method invoking: onUserRoot [] []
[2018-02-21 09:07:08] CAstoreServer.INFO: DelineContainer {"procedure":"action","name":"User","class":"CAstore\Action\UserAction","status":"end"} []
[2018-02-21 09:07:08] CAstoreServer.DEBUG: DelineContainer {"procedure":"invoke-end"} []
[2018-02-21 09:07:08] CAstoreServer.DEBUG: DelineContainer {"procedure":"destroy-start"} []
[2018-02-21 09:07:08] CAstoreServer.DEBUG: DelineContainer {"procedure":"destroy-end"} []
[2018-02-21 09:07:08] CAstoreServer.INFO: =================================================== [] []
[2018-02-21 09:07:09] CAstoreServer.DEBUG: DelineContainer {"procedure":"init-start"} []
[2018-02-21 09:07:09] CAstoreServer.DEBUG: DelineContainer {"node":"/"} []
[2018-02-21 09:07:09] CAstoreServer.DEBUG: DelineContainer {"procedure":"init-end"} []
[2018-02-21 09:07:09] CAstoreServer.DEBUG: DelineContainer {"procedure":"invoke-start"} []
[2018-02-21 09:07:09] CAstoreServer.DEBUG: DelineContainer {"procedure":"handle","node_pathname":"/"} []
[2018-02-21 09:07:09] CAstoreServer.DEBUG: DelineContainer {"procedure":"handle","action_name":"Home"} []
[2018-02-21 09:07:09] CAstoreServer.DEBUG: DelineContainer {"procedure":"handle","action_availiable":true} []
[2018-02-21 09:07:09] CAstoreServer.INFO: DelineContainer {"procedure":"action","name":"Home","class":"CAstore\Action\HomeAction","status":"start"} []
[2018-02-21 09:07:09] CAstoreServer.DEBUG: Action Pathname matching: / [] []
[2018-02-21 09:07:09] CAstoreServer.DEBUG: Action Method invoking: onHoming [] []
[2018-02-21 09:07:09] CAstoreServer.INFO: DelineContainer {"procedure":"action","name":"Home","class":"CAstore\Action\HomeAction","status":"end"} []
[2018-02-21 09:07:09] CAstoreServer.DEBUG: DelineContainer {"procedure":"invoke-end"} []
[2018-02-21 09:07:09] CAstoreServer.DEBUG: DelineContainer {"procedure":"destroy-start"} []
[2018-02-21 09:07:09] CAstoreServer.DEBUG: DelineContainer {"procedure":"destroy-end"} []
[2018-02-21 09:07:09] CAstoreServer.INFO: =================================================== [] []
[2018-02-21 09:07:14] CAstoreServer.DEBUG: DelineContainer {"procedure":"init-start"} []
[2018-02-21 09:07:14] CAstoreServer.DEBUG: DelineContainer {"node":"/"} []
[2018-02-21 09:07:14] CAstoreServer.DEBUG: DelineContainer {"procedure":"init-end"} []
[2018-02-21 09:07:14] CAstoreServer.DEBUG: DelineContainer {"procedure":"invoke-start"} []
[2018-02-21 09:07:14] CAstoreServer.DEBUG: DelineContainer {"procedure":"handle","node_pathname":"/"} []
[2018-02-21 09:07:14] CAstoreServer.DEBUG: DelineContainer {"procedure":"handle","action_name":"Home"} []
[2018-02-21 09:07:14] CAstoreServer.DEBUG: DelineContainer {"procedure":"handle","action_availiable":true} []
[2018-02-21 09:07:14] CAstoreServer.INFO: DelineContainer {"procedure":"action","name":"Home","class":"CAstore\Action\HomeAction","status":"start"} []
[2018-02-21 09:07:14] CAstoreServer.DEBUG: Action Pathname matching: / [] []
[2018-02-21 09:07:14] CAstoreServer.DEBUG: Action Method invoking: onHoming [] []
[2018-02-21 09:07:14] CAstoreServer.INFO: DelineContainer {"procedure":"action","name":"Home","class":"CAstore\Action\HomeAction","status":"end"} []
[2018-02-21 09:07:14] CAstoreServer.DEBUG: DelineContainer {"procedure":"invoke-end"} []
[2018-02-21 09:07:14] CAstoreServer.DEBUG: DelineContainer {"procedure":"destroy-start"} []
[2018-02-21 09:07:14] CAstoreServer.DEBUG: DelineContainer {"procedure":"destroy-end"} []
[2018-02-21 09:07:14] CAstoreServer.INFO: =================================================== [] []
[2018-02-21 09:07:15] CAstoreServer.DEBUG: DelineContainer {"procedure":"init-start"} []
[2018-02-21 09:07:15] CAstoreServer.DEBUG: DelineContainer {"node":"/"} []
[2018-02-21 09:07:15] CAstoreServer.DEBUG: DelineContainer {"procedure":"init-end"} []
[2018-02-21 09:07:15] CAstoreServer.DEBUG: DelineContainer {"procedure":"invoke-start"} []
[2018-02-21 09:07:15] CAstoreServer.DEBUG: DelineContainer {"procedure":"handle","node_pathname":"/"} []
[2018-02-21 09:07:15] CAstoreServer.DEBUG: DelineContainer {"procedure":"handle","action_name":"Home"} []
[2018-02-21 09:07:15] CAstoreServer.DEBUG: DelineContainer {"procedure":"handle","action_availiable":true} []
[2018-02-21 09:07:15] CAstoreServer.INFO: DelineContainer {"procedure":"action","name":"Home","class":"CAstore\Action\HomeAction","status":"start"} []
[2018-02-21 09:07:15] CAstoreServer.DEBUG: Action Pathname matching: / [] []
[2018-02-21 09:07:15] CAstoreServer.DEBUG: Action Method invoking: onHoming [] []
[2018-02-21 09:07:15] CAstoreServer.INFO: DelineContainer {"procedure":"action","name":"Home","class":"CAstore\Action\HomeAction","status":"end"} []
[2018-02-21 09:07:15] CAstoreServer.DEBUG: DelineContainer {"procedure":"invoke-end"} []
[2018-02-21 09:07:15] CAstoreServer.DEBUG: DelineContainer {"procedure":"destroy-start"} []
[2018-02-21 09:07:15] CAstoreServer.DEBUG: DelineContainer {"procedure":"destroy-end"} []
[2018-02-21 09:07:15] CAstoreServer.INFO: =================================================== [] []
[2018-02-21 09:07:19] CAstoreServer.DEBUG: DelineContainer {"procedure":"init-start"} []
[2018-02-21 09:07:19] CAstoreServer.DEBUG: DelineContainer {"node":"/User"} []
[2018-02-21 09:07:19] CAstoreServer.DEBUG: DelineContainer {"procedure":"init-end"} []
[2018-02-21 09:07:19] CAstoreServer.DEBUG: DelineContainer {"procedure":"invoke-start"} []
[2018-02-21 09:07:19] CAstoreServer.DEBUG: DelineContainer {"procedure":"handle","node_pathname":"/User"} []
[2018-02-21 09:07:19] CAstoreServer.DEBUG: DelineContainer {"procedure":"handle","action_name":"User"} []
[2018-02-21 09:07:19] CAstoreServer.DEBUG: DelineContainer {"procedure":"handle","action_availiable":true} []
[2018-02-21 09:07:19] CAstoreServer.INFO: DelineContainer {"procedure":"action","name":"User","class":"CAstore\Action\UserAction","status":"start"} []
[2018-02-21 09:07:19] CAstoreServer.DEBUG: Action Pathname matching: / [] []
[2018-02-21 09:07:19] CAstoreServer.DEBUG: Action Method invoking: onUserRoot [] []
[2018-02-21 09:07:19] CAstoreServer.INFO: DelineContainer {"procedure":"action","name":"User","class":"CAstore\Action\UserAction","status":"end"} []
[2018-02-21 09:07:19] CAstoreServer.DEBUG: DelineContainer {"procedure":"invoke-end"} []
[2018-02-21 09:07:19] CAstoreServer.DEBUG: DelineContainer {"procedure":"destroy-start"} []
[2018-02-21 09:07:19] CAstoreServer.DEBUG: DelineContainer {"procedure":"destroy-end"} []
[2018-02-21 09:07:19] CAstoreServer.INFO: =================================================== [] []
